18:11:20 INFO  : Registering command handlers for SDK TCF services
18:11:21 INFO  : Launching XSCT server: xsct.bat -interactive C:\Users\HQ_home\Desktop\PR_Lwip211\temp_xsdb_launch_script.tcl
18:11:24 INFO  : XSCT server has started successfully.
18:11:24 INFO  : Successfully done setting XSCT server connection channel  
18:11:24 INFO  : Successfully done setting SDK workspace  
18:12:34 INFO  : Project 'top_hw_platform_0' created. You can now create BSPs and application projects targeting this hardware platform.
19:05:04 INFO  : Registering command handlers for SDK TCF services
19:05:05 INFO  : Launching XSCT server: xsct.bat -interactive C:\Users\HQ_home\Desktop\PR_Lwip211\temp_xsdb_launch_script.tcl
19:05:08 INFO  : XSCT server has started successfully.
19:05:08 INFO  : Successfully done setting XSCT server connection channel  
19:05:08 INFO  : Successfully done setting SDK workspace  
20:33:43 INFO  : Registering command handlers for SDK TCF services
20:33:44 INFO  : Launching XSCT server: xsct.bat -interactive C:\Users\HQ_home\Desktop\PR_Lwip211\temp_xsdb_launch_script.tcl
20:33:47 INFO  : XSCT server has started successfully.
20:33:48 INFO  : Successfully done setting XSCT server connection channel  
20:33:48 INFO  : Successfully done setting SDK workspace  
22:28:49 INFO  : Registering command handlers for SDK TCF services
22:28:50 INFO  : Launching XSCT server: xsct.bat -interactive C:\Users\HQ_home\Desktop\ICAP\PR_Lwip211\PR_Lwip211\temp_xsdb_launch_script.tcl
22:28:52 INFO  : XSCT server has started successfully.
22:28:52 INFO  : Successfully done setting XSCT server connection channel  
22:28:52 INFO  : Successfully done setting SDK workspace  
22:41:13 INFO  : Registering command handlers for SDK TCF services
22:41:14 INFO  : Launching XSCT server: xsct.bat -interactive C:\Users\HQ_home\Desktop\ICAP\PR_Lwip211\PR_Lwip211\temp_xsdb_launch_script.tcl
22:41:17 INFO  : XSCT server has started successfully.
22:41:17 INFO  : Successfully done setting XSCT server connection channel  
22:41:17 INFO  : Successfully done setting SDK workspace  
23:55:17 INFO  : Registering command handlers for SDK TCF services
23:55:17 INFO  : Launching XSCT server: xsct.bat -interactive C:\Users\HQ_home\Desktop\ICAP\PR_Lwip211\PR_Lwip211\temp_xsdb_launch_script.tcl
23:55:22 INFO  : XSCT server has started successfully.
23:55:22 INFO  : Successfully done setting XSCT server connection channel  
23:55:22 INFO  : Successfully done setting SDK workspace  
23:59:55 INFO  : Registering command handlers for SDK TCF services
23:59:56 INFO  : Launching XSCT server: xsct.bat -interactive C:\Users\HQ_home\Desktop\ICAP\PR_Lwip211\PR_Lwip211\temp_xsdb_launch_script.tcl
00:00:00 INFO  : XSCT server has started successfully.
00:00:01 INFO  : Successfully done setting XSCT server connection channel  
00:00:06 INFO  : Successfully done setting SDK workspace  
09:27:01 INFO  : Registering command handlers for SDK TCF services
09:27:03 INFO  : Launching XSCT server: xsct.bat -interactive C:\Users\HQ_home\Desktop\ICAP\PR_Lwip211\PR_Lwip211\temp_xsdb_launch_script.tcl
09:27:09 INFO  : XSCT server has started successfully.
09:27:12 INFO  : Successfully done setting XSCT server connection channel  
09:27:12 INFO  : Successfully done setting SDK workspace  
09:56:14 INFO  : Registering command handlers for SDK TCF services
09:56:15 INFO  : Launching XSCT server: xsct.bat -interactive C:\Users\HQ_home\Desktop\ICAP\PR_Lwip211\PR_Lwip211\temp_xsdb_launch_script.tcl
09:56:19 INFO  : XSCT server has started successfully.
09:56:21 INFO  : Successfully done setting XSCT server connection channel  
09:56:21 INFO  : Successfully done setting SDK workspace  
11:24:51 INFO  : Launching XSCT server: xsct -n -interactive /home/vu37p/QiLe/ICAP_bits_mcs/20200901/PR_Lwip211/temp_xsdb_launch_script.tcl
11:25:00 INFO  : XSCT server has started successfully.
11:48:20 ERROR : (XSDB Server)Terminated

12:19:12 INFO  : Launching XSCT server: xsct -n -interactive /home/vu37p/QiLe/ICAP_bits_mcs/20200901/PR_Lwip211/temp_xsdb_launch_script.tcl
12:19:19 INFO  : XSCT server has started successfully.
12:19:33 INFO  : Successfully done setting XSCT server connection channel  
12:19:33 INFO  : Successfully done setting SDK workspace  
12:19:39 INFO  : Registering command handlers for SDK TCF services
12:24:21 INFO  : 'targets -set -filter {jtag_cable_name =~ "Xilinx HW-U1-VCU128 FT4232H 091847100713A" && level==0} -index 0' command is executed.
12:24:21 INFO  : 'fpga -state' command is executed.
12:24:21 INFO  : Connected to target on host '127.0.0.1' and port '3121'.
12:24:33 INFO  : Jtag cable 'Xilinx HW-U1-VCU128 FT4232H 091847100713A' is selected.
12:24:33 INFO  : 'jtag frequency' command is executed.
12:24:33 INFO  : 'configparams mdm-detect-bscan-mask 2' command is executed.
12:24:33 INFO  : Context for processor 'microblaze_0' is selected.
12:24:33 INFO  : Processor reset is completed for 'microblaze_0'.
12:24:34 INFO  : Context for processor 'microblaze_0' is selected.
12:24:34 INFO  : The application '/home/vu37p/QiLe/ICAP_bits_mcs/20200901/PR_Lwip211/echo_test/Debug/echo_test.elf' is downloaded to processor 'microblaze_0'.
12:24:34 INFO  : ----------------XSDB Script----------------
connect -url tcp:127.0.0.1:3121
configparams mdm-detect-bscan-mask 2
targets -set -nocase -filter {name =~ "microblaze*#0" && bscan=="USER2"  && jtag_cable_name =~ "Xilinx HW-U1-VCU128 FT4232H 091847100713A"} -index 0
rst -processor
targets -set -nocase -filter {name =~ "microblaze*#0" && bscan=="USER2"  && jtag_cable_name =~ "Xilinx HW-U1-VCU128 FT4232H 091847100713A"} -index 0
dow /home/vu37p/QiLe/ICAP_bits_mcs/20200901/PR_Lwip211/echo_test/Debug/echo_test.elf
----------------End of Script----------------

12:24:35 INFO  : Memory regions updated for context MicroBlaze #0
12:24:35 INFO  : Memory regions updated for context MicroBlaze #0
12:24:35 INFO  : Context for processor 'microblaze_0' is selected.
12:24:35 INFO  : 'con' command is executed.
12:24:35 INFO  : ----------------XSDB Script (After Launch)----------------
targets -set -nocase -filter {name =~ "microblaze*#0" && bscan=="USER2"  && jtag_cable_name =~ "Xilinx HW-U1-VCU128 FT4232H 091847100713A"} -index 0
con
----------------End of Script----------------

12:24:35 INFO  : Launch script is exported to file '/home/vu37p/QiLe/ICAP_bits_mcs/20200901/PR_Lwip211/.sdk/launch_scripts/xilinx_c-c++_application_(system_debugger)/system_debugger_using_debug_echo_test.elf_on_local.tcl'
12:27:44 INFO  : Disconnected from the channel tcfchan#1.
12:27:49 INFO  : 'targets -set -filter {jtag_cable_name =~ "Xilinx HW-U1-VCU128 FT4232H 091847100713A" && level==0} -index 0' command is executed.
12:27:49 INFO  : 'fpga -state' command is executed.
12:27:49 INFO  : Connected to target on host '127.0.0.1' and port '3121'.
12:28:01 INFO  : Jtag cable 'Xilinx HW-U1-VCU128 FT4232H 091847100713A' is selected.
12:28:01 INFO  : 'jtag frequency' command is executed.
12:28:01 INFO  : 'configparams mdm-detect-bscan-mask 2' command is executed.
12:28:01 INFO  : Context for processor 'microblaze_0' is selected.
12:28:01 INFO  : Processor reset is completed for 'microblaze_0'.
12:28:01 INFO  : Context for processor 'microblaze_0' is selected.
12:28:02 INFO  : The application '/home/vu37p/QiLe/ICAP_bits_mcs/20200901/PR_Lwip211/echo_test/Debug/echo_test.elf' is downloaded to processor 'microblaze_0'.
12:28:02 INFO  : ----------------XSDB Script----------------
connect -url tcp:127.0.0.1:3121
configparams mdm-detect-bscan-mask 2
targets -set -nocase -filter {name =~ "microblaze*#0" && bscan=="USER2"  && jtag_cable_name =~ "Xilinx HW-U1-VCU128 FT4232H 091847100713A"} -index 0
rst -processor
targets -set -nocase -filter {name =~ "microblaze*#0" && bscan=="USER2"  && jtag_cable_name =~ "Xilinx HW-U1-VCU128 FT4232H 091847100713A"} -index 0
dow /home/vu37p/QiLe/ICAP_bits_mcs/20200901/PR_Lwip211/echo_test/Debug/echo_test.elf
----------------End of Script----------------

12:28:02 INFO  : Memory regions updated for context MicroBlaze #0
12:28:02 INFO  : Memory regions updated for context MicroBlaze #0
12:28:02 INFO  : Context for processor 'microblaze_0' is selected.
12:28:02 INFO  : 'con' command is executed.
12:28:02 INFO  : ----------------XSDB Script (After Launch)----------------
targets -set -nocase -filter {name =~ "microblaze*#0" && bscan=="USER2"  && jtag_cable_name =~ "Xilinx HW-U1-VCU128 FT4232H 091847100713A"} -index 0
con
----------------End of Script----------------

12:28:02 INFO  : Launch script is exported to file '/home/vu37p/QiLe/ICAP_bits_mcs/20200901/PR_Lwip211/.sdk/launch_scripts/xilinx_c-c++_application_(system_debugger)/system_debugger_using_debug_echo_test.elf_on_local.tcl'
12:30:58 INFO  : Disconnected from the channel tcfchan#2.
12:31:02 INFO  : 'targets -set -filter {jtag_cable_name =~ "Xilinx HW-U1-VCU128 FT4232H 091847100713A" && level==0} -index 0' command is executed.
12:31:02 INFO  : 'fpga -state' command is executed.
12:31:02 INFO  : Connected to target on host '127.0.0.1' and port '3121'.
12:31:14 INFO  : Jtag cable 'Xilinx HW-U1-VCU128 FT4232H 091847100713A' is selected.
12:31:14 INFO  : 'jtag frequency' command is executed.
12:31:14 INFO  : 'configparams mdm-detect-bscan-mask 2' command is executed.
12:31:14 INFO  : Context for processor 'microblaze_0' is selected.
12:31:14 INFO  : Processor reset is completed for 'microblaze_0'.
12:31:14 INFO  : Context for processor 'microblaze_0' is selected.
12:31:15 INFO  : The application '/home/vu37p/QiLe/ICAP_bits_mcs/20200901/PR_Lwip211/echo_test/Debug/echo_test.elf' is downloaded to processor 'microblaze_0'.
12:31:15 INFO  : ----------------XSDB Script----------------
connect -url tcp:127.0.0.1:3121
configparams mdm-detect-bscan-mask 2
targets -set -nocase -filter {name =~ "microblaze*#0" && bscan=="USER2"  && jtag_cable_name =~ "Xilinx HW-U1-VCU128 FT4232H 091847100713A"} -index 0
rst -processor
targets -set -nocase -filter {name =~ "microblaze*#0" && bscan=="USER2"  && jtag_cable_name =~ "Xilinx HW-U1-VCU128 FT4232H 091847100713A"} -index 0
dow /home/vu37p/QiLe/ICAP_bits_mcs/20200901/PR_Lwip211/echo_test/Debug/echo_test.elf
----------------End of Script----------------

12:31:15 INFO  : Memory regions updated for context MicroBlaze #0
12:31:15 INFO  : Memory regions updated for context MicroBlaze #0
12:31:15 INFO  : Context for processor 'microblaze_0' is selected.
12:31:15 INFO  : 'con' command is executed.
12:31:15 INFO  : ----------------XSDB Script (After Launch)----------------
targets -set -nocase -filter {name =~ "microblaze*#0" && bscan=="USER2"  && jtag_cable_name =~ "Xilinx HW-U1-VCU128 FT4232H 091847100713A"} -index 0
con
----------------End of Script----------------

12:31:15 INFO  : Launch script is exported to file '/home/vu37p/QiLe/ICAP_bits_mcs/20200901/PR_Lwip211/.sdk/launch_scripts/xilinx_c-c++_application_(system_debugger)/system_debugger_using_debug_echo_test.elf_on_local.tcl'
12:34:15 INFO  : Disconnected from the channel tcfchan#3.
12:34:19 INFO  : 'targets -set -filter {jtag_cable_name =~ "Xilinx HW-U1-VCU128 FT4232H 091847100713A" && level==0} -index 0' command is executed.
12:34:19 INFO  : 'fpga -state' command is executed.
12:34:19 INFO  : Connected to target on host '127.0.0.1' and port '3121'.
12:34:31 INFO  : Jtag cable 'Xilinx HW-U1-VCU128 FT4232H 091847100713A' is selected.
12:34:31 INFO  : 'jtag frequency' command is executed.
12:34:31 INFO  : 'configparams mdm-detect-bscan-mask 2' command is executed.
12:34:31 INFO  : Context for processor 'microblaze_0' is selected.
12:34:32 INFO  : Processor reset is completed for 'microblaze_0'.
12:34:32 INFO  : Context for processor 'microblaze_0' is selected.
12:34:32 INFO  : The application '/home/vu37p/QiLe/ICAP_bits_mcs/20200901/PR_Lwip211/echo_test/Debug/echo_test.elf' is downloaded to processor 'microblaze_0'.
12:34:32 INFO  : ----------------XSDB Script----------------
connect -url tcp:127.0.0.1:3121
configparams mdm-detect-bscan-mask 2
targets -set -nocase -filter {name =~ "microblaze*#0" && bscan=="USER2"  && jtag_cable_name =~ "Xilinx HW-U1-VCU128 FT4232H 091847100713A"} -index 0
rst -processor
targets -set -nocase -filter {name =~ "microblaze*#0" && bscan=="USER2"  && jtag_cable_name =~ "Xilinx HW-U1-VCU128 FT4232H 091847100713A"} -index 0
dow /home/vu37p/QiLe/ICAP_bits_mcs/20200901/PR_Lwip211/echo_test/Debug/echo_test.elf
----------------End of Script----------------

12:34:32 INFO  : Memory regions updated for context MicroBlaze #0
12:34:32 INFO  : Memory regions updated for context MicroBlaze #0
12:34:32 INFO  : Context for processor 'microblaze_0' is selected.
12:34:32 INFO  : 'con' command is executed.
12:34:32 INFO  : ----------------XSDB Script (After Launch)----------------
targets -set -nocase -filter {name =~ "microblaze*#0" && bscan=="USER2"  && jtag_cable_name =~ "Xilinx HW-U1-VCU128 FT4232H 091847100713A"} -index 0
con
----------------End of Script----------------

12:34:32 INFO  : Launch script is exported to file '/home/vu37p/QiLe/ICAP_bits_mcs/20200901/PR_Lwip211/.sdk/launch_scripts/xilinx_c-c++_application_(system_debugger)/system_debugger_using_debug_echo_test.elf_on_local.tcl'
12:35:35 INFO  : Refreshed build settings on project echo_test
12:35:35 INFO  : Refreshed build settings on project pr_app
12:36:06 INFO  : Refreshed build settings on project echo_test
12:36:06 INFO  : Refreshed build settings on project pr_app
12:37:56 INFO  : Disconnected from the channel tcfchan#4.
12:38:00 INFO  : 'targets -set -filter {jtag_cable_name =~ "Xilinx HW-U1-VCU128 FT4232H 091847100713A" && level==0} -index 0' command is executed.
12:38:00 INFO  : 'fpga -state' command is executed.
12:38:00 INFO  : Connected to target on host '127.0.0.1' and port '3121'.
12:38:12 INFO  : Jtag cable 'Xilinx HW-U1-VCU128 FT4232H 091847100713A' is selected.
12:38:12 INFO  : 'jtag frequency' command is executed.
12:38:12 INFO  : 'configparams mdm-detect-bscan-mask 2' command is executed.
12:38:12 INFO  : Context for processor 'microblaze_0' is selected.
12:38:12 INFO  : Processor reset is completed for 'microblaze_0'.
12:38:12 INFO  : Context for processor 'microblaze_0' is selected.
12:38:13 INFO  : The application '/home/vu37p/QiLe/ICAP_bits_mcs/20200901/PR_Lwip211/echo_test/Debug/echo_test.elf' is downloaded to processor 'microblaze_0'.
12:38:13 INFO  : ----------------XSDB Script----------------
connect -url tcp:127.0.0.1:3121
configparams mdm-detect-bscan-mask 2
targets -set -nocase -filter {name =~ "microblaze*#0" && bscan=="USER2"  && jtag_cable_name =~ "Xilinx HW-U1-VCU128 FT4232H 091847100713A"} -index 0
rst -processor
targets -set -nocase -filter {name =~ "microblaze*#0" && bscan=="USER2"  && jtag_cable_name =~ "Xilinx HW-U1-VCU128 FT4232H 091847100713A"} -index 0
dow /home/vu37p/QiLe/ICAP_bits_mcs/20200901/PR_Lwip211/echo_test/Debug/echo_test.elf
----------------End of Script----------------

12:38:13 INFO  : Memory regions updated for context MicroBlaze #0
12:38:13 INFO  : Memory regions updated for context MicroBlaze #0
12:38:13 INFO  : Context for processor 'microblaze_0' is selected.
12:38:13 INFO  : 'con' command is executed.
12:38:13 INFO  : ----------------XSDB Script (After Launch)----------------
targets -set -nocase -filter {name =~ "microblaze*#0" && bscan=="USER2"  && jtag_cable_name =~ "Xilinx HW-U1-VCU128 FT4232H 091847100713A"} -index 0
con
----------------End of Script----------------

12:38:13 INFO  : Launch script is exported to file '/home/vu37p/QiLe/ICAP_bits_mcs/20200901/PR_Lwip211/.sdk/launch_scripts/xilinx_c-c++_application_(system_debugger)/system_debugger_using_debug_echo_test.elf_on_local.tcl'
12:40:43 INFO  : Disconnected from the channel tcfchan#5.
12:40:47 INFO  : 'targets -set -filter {jtag_cable_name =~ "Xilinx HW-U1-VCU128 FT4232H 091847100713A" && level==0} -index 0' command is executed.
12:40:47 INFO  : 'fpga -state' command is executed.
12:40:47 INFO  : Connected to target on host '127.0.0.1' and port '3121'.
12:40:59 INFO  : Jtag cable 'Xilinx HW-U1-VCU128 FT4232H 091847100713A' is selected.
12:40:59 INFO  : 'jtag frequency' command is executed.
12:40:59 INFO  : 'configparams mdm-detect-bscan-mask 2' command is executed.
12:41:00 INFO  : Context for processor 'microblaze_0' is selected.
12:41:00 INFO  : Processor reset is completed for 'microblaze_0'.
12:41:00 INFO  : Context for processor 'microblaze_0' is selected.
12:41:01 INFO  : The application '/home/vu37p/QiLe/ICAP_bits_mcs/20200901/PR_Lwip211/pr_app/Debug/pr_app.elf' is downloaded to processor 'microblaze_0'.
12:41:01 INFO  : ----------------XSDB Script----------------
connect -url tcp:127.0.0.1:3121
configparams mdm-detect-bscan-mask 2
targets -set -nocase -filter {name =~ "microblaze*#0" && bscan=="USER2"  && jtag_cable_name =~ "Xilinx HW-U1-VCU128 FT4232H 091847100713A"} -index 0
rst -processor
targets -set -nocase -filter {name =~ "microblaze*#0" && bscan=="USER2"  && jtag_cable_name =~ "Xilinx HW-U1-VCU128 FT4232H 091847100713A"} -index 0
dow /home/vu37p/QiLe/ICAP_bits_mcs/20200901/PR_Lwip211/pr_app/Debug/pr_app.elf
----------------End of Script----------------

12:41:01 INFO  : Memory regions updated for context MicroBlaze #0
12:41:01 INFO  : Memory regions updated for context MicroBlaze #0
12:41:01 INFO  : Context for processor 'microblaze_0' is selected.
12:41:01 INFO  : 'con' command is executed.
12:41:01 INFO  : ----------------XSDB Script (After Launch)----------------
targets -set -nocase -filter {name =~ "microblaze*#0" && bscan=="USER2"  && jtag_cable_name =~ "Xilinx HW-U1-VCU128 FT4232H 091847100713A"} -index 0
con
----------------End of Script----------------

12:41:01 INFO  : Launch script is exported to file '/home/vu37p/QiLe/ICAP_bits_mcs/20200901/PR_Lwip211/.sdk/launch_scripts/xilinx_c-c++_application_(system_debugger)/system_debugger_using_debug_pr_app.elf_on_local.tcl'
12:43:06 INFO  : Disconnected from the channel tcfchan#6.
12:43:10 INFO  : 'targets -set -filter {jtag_cable_name =~ "Xilinx HW-U1-VCU128 FT4232H 091847100713A" && level==0} -index 0' command is executed.
12:43:10 INFO  : 'fpga -state' command is executed.
12:43:10 INFO  : Connected to target on host '127.0.0.1' and port '3121'.
12:43:22 INFO  : Jtag cable 'Xilinx HW-U1-VCU128 FT4232H 091847100713A' is selected.
12:43:22 INFO  : 'jtag frequency' command is executed.
12:43:22 INFO  : 'configparams mdm-detect-bscan-mask 2' command is executed.
12:43:22 INFO  : Context for processor 'microblaze_0' is selected.
12:43:22 INFO  : Processor reset is completed for 'microblaze_0'.
12:43:23 INFO  : Context for processor 'microblaze_0' is selected.
12:43:24 INFO  : The application '/home/vu37p/QiLe/ICAP_bits_mcs/20200901/PR_Lwip211/pr_app/Debug/pr_app.elf' is downloaded to processor 'microblaze_0'.
12:43:24 INFO  : ----------------XSDB Script----------------
connect -url tcp:127.0.0.1:3121
configparams mdm-detect-bscan-mask 2
targets -set -nocase -filter {name =~ "microblaze*#0" && bscan=="USER2"  && jtag_cable_name =~ "Xilinx HW-U1-VCU128 FT4232H 091847100713A"} -index 0
rst -processor
targets -set -nocase -filter {name =~ "microblaze*#0" && bscan=="USER2"  && jtag_cable_name =~ "Xilinx HW-U1-VCU128 FT4232H 091847100713A"} -index 0
dow /home/vu37p/QiLe/ICAP_bits_mcs/20200901/PR_Lwip211/pr_app/Debug/pr_app.elf
----------------End of Script----------------

12:43:24 INFO  : Memory regions updated for context MicroBlaze #0
12:43:24 INFO  : Memory regions updated for context MicroBlaze #0
12:43:24 INFO  : Context for processor 'microblaze_0' is selected.
12:43:24 INFO  : 'con' command is executed.
12:43:24 INFO  : ----------------XSDB Script (After Launch)----------------
targets -set -nocase -filter {name =~ "microblaze*#0" && bscan=="USER2"  && jtag_cable_name =~ "Xilinx HW-U1-VCU128 FT4232H 091847100713A"} -index 0
con
----------------End of Script----------------

12:43:24 INFO  : Launch script is exported to file '/home/vu37p/QiLe/ICAP_bits_mcs/20200901/PR_Lwip211/.sdk/launch_scripts/xilinx_c-c++_application_(system_debugger)/system_debugger_using_debug_pr_app.elf_on_local.tcl'
12:46:15 INFO  : Disconnected from the channel tcfchan#7.
12:46:19 INFO  : 'targets -set -filter {jtag_cable_name =~ "Xilinx HW-U1-VCU128 FT4232H 091847100713A" && level==0} -index 0' command is executed.
12:46:19 INFO  : 'fpga -state' command is executed.
12:46:19 INFO  : Connected to target on host '127.0.0.1' and port '3121'.
12:46:31 INFO  : Jtag cable 'Xilinx HW-U1-VCU128 FT4232H 091847100713A' is selected.
12:46:31 INFO  : 'jtag frequency' command is executed.
12:46:31 INFO  : 'configparams mdm-detect-bscan-mask 2' command is executed.
12:46:31 INFO  : Context for processor 'microblaze_0' is selected.
12:46:31 INFO  : Processor reset is completed for 'microblaze_0'.
12:46:32 INFO  : Context for processor 'microblaze_0' is selected.
12:46:33 INFO  : The application '/home/vu37p/QiLe/ICAP_bits_mcs/20200901/PR_Lwip211/pr_app/Debug/pr_app.elf' is downloaded to processor 'microblaze_0'.
12:46:33 INFO  : ----------------XSDB Script----------------
connect -url tcp:127.0.0.1:3121
configparams mdm-detect-bscan-mask 2
targets -set -nocase -filter {name =~ "microblaze*#0" && bscan=="USER2"  && jtag_cable_name =~ "Xilinx HW-U1-VCU128 FT4232H 091847100713A"} -index 0
rst -processor
targets -set -nocase -filter {name =~ "microblaze*#0" && bscan=="USER2"  && jtag_cable_name =~ "Xilinx HW-U1-VCU128 FT4232H 091847100713A"} -index 0
dow /home/vu37p/QiLe/ICAP_bits_mcs/20200901/PR_Lwip211/pr_app/Debug/pr_app.elf
----------------End of Script----------------

12:46:33 INFO  : Memory regions updated for context MicroBlaze #0
12:46:33 INFO  : Memory regions updated for context MicroBlaze #0
12:46:33 INFO  : Context for processor 'microblaze_0' is selected.
12:46:33 INFO  : 'con' command is executed.
12:46:33 INFO  : ----------------XSDB Script (After Launch)----------------
targets -set -nocase -filter {name =~ "microblaze*#0" && bscan=="USER2"  && jtag_cable_name =~ "Xilinx HW-U1-VCU128 FT4232H 091847100713A"} -index 0
con
----------------End of Script----------------

12:46:33 INFO  : Launch script is exported to file '/home/vu37p/QiLe/ICAP_bits_mcs/20200901/PR_Lwip211/.sdk/launch_scripts/xilinx_c-c++_application_(system_debugger)/system_debugger_using_debug_pr_app.elf_on_local.tcl'
12:53:42 INFO  : Disconnected from the channel tcfchan#8.
12:53:46 INFO  : 'targets -set -filter {jtag_cable_name =~ "Xilinx HW-U1-VCU128 FT4232H 091847100713A" && level==0} -index 0' command is executed.
12:53:46 INFO  : 'fpga -state' command is executed.
12:53:46 INFO  : Connected to target on host '127.0.0.1' and port '3121'.
12:53:58 INFO  : Jtag cable 'Xilinx HW-U1-VCU128 FT4232H 091847100713A' is selected.
12:53:58 INFO  : 'jtag frequency' command is executed.
12:53:58 INFO  : 'configparams mdm-detect-bscan-mask 2' command is executed.
12:53:58 INFO  : Context for processor 'microblaze_0' is selected.
12:53:58 INFO  : Processor reset is completed for 'microblaze_0'.
12:53:58 INFO  : Context for processor 'microblaze_0' is selected.
12:53:59 INFO  : The application '/home/vu37p/QiLe/ICAP_bits_mcs/20200901/PR_Lwip211/echo_test/Debug/echo_test.elf' is downloaded to processor 'microblaze_0'.
12:53:59 INFO  : ----------------XSDB Script----------------
connect -url tcp:127.0.0.1:3121
configparams mdm-detect-bscan-mask 2
targets -set -nocase -filter {name =~ "microblaze*#0" && bscan=="USER2"  && jtag_cable_name =~ "Xilinx HW-U1-VCU128 FT4232H 091847100713A"} -index 0
rst -processor
targets -set -nocase -filter {name =~ "microblaze*#0" && bscan=="USER2"  && jtag_cable_name =~ "Xilinx HW-U1-VCU128 FT4232H 091847100713A"} -index 0
dow /home/vu37p/QiLe/ICAP_bits_mcs/20200901/PR_Lwip211/echo_test/Debug/echo_test.elf
----------------End of Script----------------

12:53:59 INFO  : Memory regions updated for context MicroBlaze #0
12:53:59 INFO  : Memory regions updated for context MicroBlaze #0
12:53:59 INFO  : Context for processor 'microblaze_0' is selected.
12:53:59 INFO  : 'con' command is executed.
12:53:59 INFO  : ----------------XSDB Script (After Launch)----------------
targets -set -nocase -filter {name =~ "microblaze*#0" && bscan=="USER2"  && jtag_cable_name =~ "Xilinx HW-U1-VCU128 FT4232H 091847100713A"} -index 0
con
----------------End of Script----------------

12:53:59 INFO  : Launch script is exported to file '/home/vu37p/QiLe/ICAP_bits_mcs/20200901/PR_Lwip211/.sdk/launch_scripts/xilinx_c-c++_application_(system_debugger)/system_debugger_using_debug_echo_test.elf_on_local.tcl'
12:58:04 INFO  : Disconnected from the channel tcfchan#9.
12:58:08 INFO  : 'targets -set -filter {jtag_cable_name =~ "Xilinx HW-U1-VCU128 FT4232H 091847100713A" && level==0} -index 0' command is executed.
12:58:08 INFO  : 'fpga -state' command is executed.
12:58:08 INFO  : Connected to target on host '127.0.0.1' and port '3121'.
12:58:20 INFO  : Jtag cable 'Xilinx HW-U1-VCU128 FT4232H 091847100713A' is selected.
12:58:20 INFO  : 'jtag frequency' command is executed.
12:58:20 INFO  : 'configparams mdm-detect-bscan-mask 2' command is executed.
12:58:20 INFO  : Context for processor 'microblaze_0' is selected.
12:58:20 INFO  : Processor reset is completed for 'microblaze_0'.
12:58:20 INFO  : Context for processor 'microblaze_0' is selected.
12:58:21 INFO  : The application '/home/vu37p/QiLe/ICAP_bits_mcs/20200901/PR_Lwip211/echo_test/Debug/echo_test.elf' is downloaded to processor 'microblaze_0'.
12:58:21 INFO  : ----------------XSDB Script----------------
connect -url tcp:127.0.0.1:3121
configparams mdm-detect-bscan-mask 2
targets -set -nocase -filter {name =~ "microblaze*#0" && bscan=="USER2"  && jtag_cable_name =~ "Xilinx HW-U1-VCU128 FT4232H 091847100713A"} -index 0
rst -processor
targets -set -nocase -filter {name =~ "microblaze*#0" && bscan=="USER2"  && jtag_cable_name =~ "Xilinx HW-U1-VCU128 FT4232H 091847100713A"} -index 0
dow /home/vu37p/QiLe/ICAP_bits_mcs/20200901/PR_Lwip211/echo_test/Debug/echo_test.elf
----------------End of Script----------------

12:58:21 INFO  : Memory regions updated for context MicroBlaze #0
12:58:21 INFO  : Memory regions updated for context MicroBlaze #0
12:58:21 INFO  : Context for processor 'microblaze_0' is selected.
12:58:21 INFO  : 'con' command is executed.
12:58:21 INFO  : ----------------XSDB Script (After Launch)----------------
targets -set -nocase -filter {name =~ "microblaze*#0" && bscan=="USER2"  && jtag_cable_name =~ "Xilinx HW-U1-VCU128 FT4232H 091847100713A"} -index 0
con
----------------End of Script----------------

12:58:21 INFO  : Launch script is exported to file '/home/vu37p/QiLe/ICAP_bits_mcs/20200901/PR_Lwip211/.sdk/launch_scripts/xilinx_c-c++_application_(system_debugger)/system_debugger_using_debug_echo_test.elf_on_local.tcl'
15:48:58 INFO  : Refreshed build settings on project echo_test
15:48:58 INFO  : Refreshed build settings on project pr_app
15:50:49 INFO  : Disconnected from the channel tcfchan#10.
15:50:53 INFO  : 'targets -set -filter {jtag_cable_name =~ "Xilinx HW-U1-VCU128 FT4232H 091847100713A" && level==0} -index 0' command is executed.
15:50:53 INFO  : 'fpga -state' command is executed.
15:50:53 INFO  : Connected to target on host '127.0.0.1' and port '3121'.
15:51:05 INFO  : Jtag cable 'Xilinx HW-U1-VCU128 FT4232H 091847100713A' is selected.
15:51:05 INFO  : 'jtag frequency' command is executed.
15:51:05 INFO  : 'configparams mdm-detect-bscan-mask 2' command is executed.
15:51:05 INFO  : Context for processor 'microblaze_0' is selected.
15:51:05 INFO  : Processor reset is completed for 'microblaze_0'.
15:51:05 INFO  : Context for processor 'microblaze_0' is selected.
15:51:06 INFO  : The application '/home/vu37p/QiLe/ICAP_bits_mcs/20200901/PR_Lwip211/echo_test/Debug/echo_test.elf' is downloaded to processor 'microblaze_0'.
15:51:06 INFO  : ----------------XSDB Script----------------
connect -url tcp:127.0.0.1:3121
configparams mdm-detect-bscan-mask 2
targets -set -nocase -filter {name =~ "microblaze*#0" && bscan=="USER2"  && jtag_cable_name =~ "Xilinx HW-U1-VCU128 FT4232H 091847100713A"} -index 0
rst -processor
targets -set -nocase -filter {name =~ "microblaze*#0" && bscan=="USER2"  && jtag_cable_name =~ "Xilinx HW-U1-VCU128 FT4232H 091847100713A"} -index 0
dow /home/vu37p/QiLe/ICAP_bits_mcs/20200901/PR_Lwip211/echo_test/Debug/echo_test.elf
----------------End of Script----------------

15:51:06 INFO  : Memory regions updated for context MicroBlaze #0
15:51:06 INFO  : Memory regions updated for context MicroBlaze #0
15:51:06 INFO  : Context for processor 'microblaze_0' is selected.
15:51:06 INFO  : 'con' command is executed.
15:51:06 INFO  : ----------------XSDB Script (After Launch)----------------
targets -set -nocase -filter {name =~ "microblaze*#0" && bscan=="USER2"  && jtag_cable_name =~ "Xilinx HW-U1-VCU128 FT4232H 091847100713A"} -index 0
con
----------------End of Script----------------

15:51:06 INFO  : Launch script is exported to file '/home/vu37p/QiLe/ICAP_bits_mcs/20200901/PR_Lwip211/.sdk/launch_scripts/xilinx_c-c++_application_(system_debugger)/system_debugger_using_debug_echo_test.elf_on_local.tcl'
15:53:23 INFO  : Disconnected from the channel tcfchan#11.
15:53:27 INFO  : 'targets -set -filter {jtag_cable_name =~ "Xilinx HW-U1-VCU128 FT4232H 091847100713A" && level==0} -index 0' command is executed.
15:53:27 INFO  : 'fpga -state' command is executed.
15:53:27 INFO  : Connected to target on host '127.0.0.1' and port '3121'.
15:53:40 INFO  : Jtag cable 'Xilinx HW-U1-VCU128 FT4232H 091847100713A' is selected.
15:53:40 INFO  : 'jtag frequency' command is executed.
15:53:40 INFO  : 'configparams mdm-detect-bscan-mask 2' command is executed.
15:53:40 INFO  : Context for processor 'microblaze_0' is selected.
15:53:40 INFO  : Processor reset is completed for 'microblaze_0'.
15:53:40 INFO  : Context for processor 'microblaze_0' is selected.
15:53:41 INFO  : The application '/home/vu37p/QiLe/ICAP_bits_mcs/20200901/PR_Lwip211/pr_app/Debug/pr_app.elf' is downloaded to processor 'microblaze_0'.
15:53:41 INFO  : ----------------XSDB Script----------------
connect -url tcp:127.0.0.1:3121
configparams mdm-detect-bscan-mask 2
targets -set -nocase -filter {name =~ "microblaze*#0" && bscan=="USER2"  && jtag_cable_name =~ "Xilinx HW-U1-VCU128 FT4232H 091847100713A"} -index 0
rst -processor
targets -set -nocase -filter {name =~ "microblaze*#0" && bscan=="USER2"  && jtag_cable_name =~ "Xilinx HW-U1-VCU128 FT4232H 091847100713A"} -index 0
dow /home/vu37p/QiLe/ICAP_bits_mcs/20200901/PR_Lwip211/pr_app/Debug/pr_app.elf
----------------End of Script----------------

15:53:41 INFO  : Memory regions updated for context MicroBlaze #0
15:53:41 INFO  : Memory regions updated for context MicroBlaze #0
15:53:41 INFO  : Context for processor 'microblaze_0' is selected.
15:53:41 INFO  : 'con' command is executed.
15:53:41 INFO  : ----------------XSDB Script (After Launch)----------------
targets -set -nocase -filter {name =~ "microblaze*#0" && bscan=="USER2"  && jtag_cable_name =~ "Xilinx HW-U1-VCU128 FT4232H 091847100713A"} -index 0
con
----------------End of Script----------------

15:53:41 INFO  : Launch script is exported to file '/home/vu37p/QiLe/ICAP_bits_mcs/20200901/PR_Lwip211/.sdk/launch_scripts/xilinx_c-c++_application_(system_debugger)/system_debugger_using_debug_pr_app.elf_on_local.tcl'
16:03:59 INFO  : Disconnected from the channel tcfchan#12.
16:04:03 INFO  : 'targets -set -filter {jtag_cable_name =~ "Xilinx HW-U1-VCU128 FT4232H 091847100713A" && level==0} -index 0' command is executed.
16:04:03 INFO  : 'fpga -state' command is executed.
16:04:03 INFO  : Connected to target on host '127.0.0.1' and port '3121'.
16:04:15 INFO  : Jtag cable 'Xilinx HW-U1-VCU128 FT4232H 091847100713A' is selected.
16:04:15 INFO  : 'jtag frequency' command is executed.
16:04:15 INFO  : 'configparams mdm-detect-bscan-mask 2' command is executed.
16:04:15 INFO  : Context for processor 'microblaze_0' is selected.
16:04:15 INFO  : Processor reset is completed for 'microblaze_0'.
16:04:15 INFO  : Context for processor 'microblaze_0' is selected.
16:04:17 INFO  : The application '/home/vu37p/QiLe/ICAP_bits_mcs/20200901/PR_Lwip211/pr_app/Debug/pr_app.elf' is downloaded to processor 'microblaze_0'.
16:04:17 INFO  : ----------------XSDB Script----------------
connect -url tcp:127.0.0.1:3121
configparams mdm-detect-bscan-mask 2
targets -set -nocase -filter {name =~ "microblaze*#0" && bscan=="USER2"  && jtag_cable_name =~ "Xilinx HW-U1-VCU128 FT4232H 091847100713A"} -index 0
rst -processor
targets -set -nocase -filter {name =~ "microblaze*#0" && bscan=="USER2"  && jtag_cable_name =~ "Xilinx HW-U1-VCU128 FT4232H 091847100713A"} -index 0
dow /home/vu37p/QiLe/ICAP_bits_mcs/20200901/PR_Lwip211/pr_app/Debug/pr_app.elf
----------------End of Script----------------

16:04:17 INFO  : Memory regions updated for context MicroBlaze #0
16:04:17 INFO  : Memory regions updated for context MicroBlaze #0
16:04:17 INFO  : Context for processor 'microblaze_0' is selected.
16:04:17 INFO  : 'con' command is executed.
16:04:17 INFO  : ----------------XSDB Script (After Launch)----------------
targets -set -nocase -filter {name =~ "microblaze*#0" && bscan=="USER2"  && jtag_cable_name =~ "Xilinx HW-U1-VCU128 FT4232H 091847100713A"} -index 0
con
----------------End of Script----------------

16:04:17 INFO  : Launch script is exported to file '/home/vu37p/QiLe/ICAP_bits_mcs/20200901/PR_Lwip211/.sdk/launch_scripts/xilinx_c-c++_application_(system_debugger)/system_debugger_using_debug_pr_app.elf_on_local.tcl'
17:20:06 INFO  : Disconnected from the channel tcfchan#13.
17:20:10 INFO  : 'targets -set -filter {jtag_cable_name =~ "Xilinx HW-U1-VCU128 FT4232H 091847100713A" && level==0} -index 0' command is executed.
17:20:10 INFO  : 'fpga -state' command is executed.
17:20:10 INFO  : Connected to target on host '127.0.0.1' and port '3121'.
17:20:22 INFO  : Jtag cable 'Xilinx HW-U1-VCU128 FT4232H 091847100713A' is selected.
17:20:22 INFO  : 'jtag frequency' command is executed.
17:20:22 INFO  : 'configparams mdm-detect-bscan-mask 2' command is executed.
17:20:22 INFO  : Context for processor 'microblaze_0' is selected.
17:20:22 INFO  : Processor reset is completed for 'microblaze_0'.
17:20:22 INFO  : Context for processor 'microblaze_0' is selected.
17:20:24 INFO  : The application '/home/vu37p/QiLe/ICAP_bits_mcs/20200901/PR_Lwip211/pr_app/Debug/pr_app.elf' is downloaded to processor 'microblaze_0'.
17:20:24 INFO  : ----------------XSDB Script----------------
connect -url tcp:127.0.0.1:3121
configparams mdm-detect-bscan-mask 2
targets -set -nocase -filter {name =~ "microblaze*#0" && bscan=="USER2"  && jtag_cable_name =~ "Xilinx HW-U1-VCU128 FT4232H 091847100713A"} -index 0
rst -processor
targets -set -nocase -filter {name =~ "microblaze*#0" && bscan=="USER2"  && jtag_cable_name =~ "Xilinx HW-U1-VCU128 FT4232H 091847100713A"} -index 0
dow /home/vu37p/QiLe/ICAP_bits_mcs/20200901/PR_Lwip211/pr_app/Debug/pr_app.elf
----------------End of Script----------------

17:20:24 INFO  : Memory regions updated for context MicroBlaze #0
17:20:24 INFO  : Memory regions updated for context MicroBlaze #0
17:20:24 INFO  : Context for processor 'microblaze_0' is selected.
17:20:24 INFO  : 'con' command is executed.
17:20:24 INFO  : ----------------XSDB Script (After Launch)----------------
targets -set -nocase -filter {name =~ "microblaze*#0" && bscan=="USER2"  && jtag_cable_name =~ "Xilinx HW-U1-VCU128 FT4232H 091847100713A"} -index 0
con
----------------End of Script----------------

17:20:24 INFO  : Launch script is exported to file '/home/vu37p/QiLe/ICAP_bits_mcs/20200901/PR_Lwip211/.sdk/launch_scripts/xilinx_c-c++_application_(system_debugger)/system_debugger_using_debug_pr_app.elf_on_local.tcl'
17:22:19 INFO  : Disconnected from the channel tcfchan#14.
17:22:23 INFO  : 'targets -set -filter {jtag_cable_name =~ "Xilinx HW-U1-VCU128 FT4232H 091847100713A" && level==0} -index 0' command is executed.
17:22:23 INFO  : 'fpga -state' command is executed.
17:22:23 INFO  : Connected to target on host '127.0.0.1' and port '3121'.
17:22:35 INFO  : Jtag cable 'Xilinx HW-U1-VCU128 FT4232H 091847100713A' is selected.
17:22:35 INFO  : 'jtag frequency' command is executed.
17:22:35 INFO  : 'configparams mdm-detect-bscan-mask 2' command is executed.
17:22:35 INFO  : Context for processor 'microblaze_0' is selected.
17:22:35 INFO  : Processor reset is completed for 'microblaze_0'.
17:22:35 INFO  : Context for processor 'microblaze_0' is selected.
17:22:37 INFO  : The application '/home/vu37p/QiLe/ICAP_bits_mcs/20200901/PR_Lwip211/pr_app/Debug/pr_app.elf' is downloaded to processor 'microblaze_0'.
17:22:37 INFO  : ----------------XSDB Script----------------
connect -url tcp:127.0.0.1:3121
configparams mdm-detect-bscan-mask 2
targets -set -nocase -filter {name =~ "microblaze*#0" && bscan=="USER2"  && jtag_cable_name =~ "Xilinx HW-U1-VCU128 FT4232H 091847100713A"} -index 0
rst -processor
targets -set -nocase -filter {name =~ "microblaze*#0" && bscan=="USER2"  && jtag_cable_name =~ "Xilinx HW-U1-VCU128 FT4232H 091847100713A"} -index 0
dow /home/vu37p/QiLe/ICAP_bits_mcs/20200901/PR_Lwip211/pr_app/Debug/pr_app.elf
----------------End of Script----------------

17:22:37 INFO  : Memory regions updated for context MicroBlaze #0
17:22:37 INFO  : Memory regions updated for context MicroBlaze #0
17:22:37 INFO  : Context for processor 'microblaze_0' is selected.
17:22:37 INFO  : 'con' command is executed.
17:22:37 INFO  : ----------------XSDB Script (After Launch)----------------
targets -set -nocase -filter {name =~ "microblaze*#0" && bscan=="USER2"  && jtag_cable_name =~ "Xilinx HW-U1-VCU128 FT4232H 091847100713A"} -index 0
con
----------------End of Script----------------

17:22:37 INFO  : Launch script is exported to file '/home/vu37p/QiLe/ICAP_bits_mcs/20200901/PR_Lwip211/.sdk/launch_scripts/xilinx_c-c++_application_(system_debugger)/system_debugger_using_debug_pr_app.elf_on_local.tcl'
17:28:40 INFO  : Disconnected from the channel tcfchan#15.
17:28:45 INFO  : 'targets -set -filter {jtag_cable_name =~ "Xilinx HW-U1-VCU128 FT4232H 091847100713A" && level==0} -index 0' command is executed.
17:28:45 INFO  : 'fpga -state' command is executed.
17:28:45 INFO  : Connected to target on host '127.0.0.1' and port '3121'.
17:28:57 INFO  : Jtag cable 'Xilinx HW-U1-VCU128 FT4232H 091847100713A' is selected.
17:28:57 INFO  : 'jtag frequency' command is executed.
17:28:57 INFO  : 'configparams mdm-detect-bscan-mask 2' command is executed.
17:28:57 INFO  : Context for processor 'microblaze_0' is selected.
17:28:57 INFO  : Processor reset is completed for 'microblaze_0'.
17:28:57 INFO  : Context for processor 'microblaze_0' is selected.
17:28:59 INFO  : The application '/home/vu37p/QiLe/ICAP_bits_mcs/20200901/PR_Lwip211/pr_app/Debug/pr_app.elf' is downloaded to processor 'microblaze_0'.
17:28:59 INFO  : ----------------XSDB Script----------------
connect -url tcp:127.0.0.1:3121
configparams mdm-detect-bscan-mask 2
targets -set -nocase -filter {name =~ "microblaze*#0" && bscan=="USER2"  && jtag_cable_name =~ "Xilinx HW-U1-VCU128 FT4232H 091847100713A"} -index 0
rst -processor
targets -set -nocase -filter {name =~ "microblaze*#0" && bscan=="USER2"  && jtag_cable_name =~ "Xilinx HW-U1-VCU128 FT4232H 091847100713A"} -index 0
dow /home/vu37p/QiLe/ICAP_bits_mcs/20200901/PR_Lwip211/pr_app/Debug/pr_app.elf
----------------End of Script----------------

17:28:59 INFO  : Memory regions updated for context MicroBlaze #0
17:28:59 INFO  : Memory regions updated for context MicroBlaze #0
17:28:59 INFO  : Context for processor 'microblaze_0' is selected.
17:28:59 INFO  : 'con' command is executed.
17:28:59 INFO  : ----------------XSDB Script (After Launch)----------------
targets -set -nocase -filter {name =~ "microblaze*#0" && bscan=="USER2"  && jtag_cable_name =~ "Xilinx HW-U1-VCU128 FT4232H 091847100713A"} -index 0
con
----------------End of Script----------------

17:28:59 INFO  : Launch script is exported to file '/home/vu37p/QiLe/ICAP_bits_mcs/20200901/PR_Lwip211/.sdk/launch_scripts/xilinx_c-c++_application_(system_debugger)/system_debugger_using_debug_pr_app.elf_on_local.tcl'
17:59:11 INFO  : Disconnected from the channel tcfchan#16.
17:59:15 INFO  : 'targets -set -filter {jtag_cable_name =~ "Xilinx HW-U1-VCU128 FT4232H 091847100713A" && level==0} -index 0' command is executed.
17:59:15 INFO  : 'fpga -state' command is executed.
17:59:15 INFO  : Connected to target on host '127.0.0.1' and port '3121'.
17:59:27 INFO  : Jtag cable 'Xilinx HW-U1-VCU128 FT4232H 091847100713A' is selected.
17:59:27 INFO  : 'jtag frequency' command is executed.
17:59:27 INFO  : 'configparams mdm-detect-bscan-mask 2' command is executed.
17:59:27 INFO  : Context for processor 'microblaze_0' is selected.
17:59:27 INFO  : Processor reset is completed for 'microblaze_0'.
17:59:27 INFO  : Context for processor 'microblaze_0' is selected.
17:59:29 INFO  : The application '/home/vu37p/QiLe/ICAP_bits_mcs/20200901/PR_Lwip211/pr_app/Debug/pr_app.elf' is downloaded to processor 'microblaze_0'.
17:59:29 INFO  : ----------------XSDB Script----------------
connect -url tcp:127.0.0.1:3121
configparams mdm-detect-bscan-mask 2
targets -set -nocase -filter {name =~ "microblaze*#0" && bscan=="USER2"  && jtag_cable_name =~ "Xilinx HW-U1-VCU128 FT4232H 091847100713A"} -index 0
rst -processor
targets -set -nocase -filter {name =~ "microblaze*#0" && bscan=="USER2"  && jtag_cable_name =~ "Xilinx HW-U1-VCU128 FT4232H 091847100713A"} -index 0
dow /home/vu37p/QiLe/ICAP_bits_mcs/20200901/PR_Lwip211/pr_app/Debug/pr_app.elf
----------------End of Script----------------

17:59:29 INFO  : Memory regions updated for context MicroBlaze #0
17:59:29 INFO  : Memory regions updated for context MicroBlaze #0
17:59:29 INFO  : Context for processor 'microblaze_0' is selected.
17:59:29 INFO  : 'con' command is executed.
17:59:29 INFO  : ----------------XSDB Script (After Launch)----------------
targets -set -nocase -filter {name =~ "microblaze*#0" && bscan=="USER2"  && jtag_cable_name =~ "Xilinx HW-U1-VCU128 FT4232H 091847100713A"} -index 0
con
----------------End of Script----------------

17:59:29 INFO  : Launch script is exported to file '/home/vu37p/QiLe/ICAP_bits_mcs/20200901/PR_Lwip211/.sdk/launch_scripts/xilinx_c-c++_application_(system_debugger)/system_debugger_using_debug_pr_app.elf_on_local.tcl'
18:11:02 INFO  : Disconnected from the channel tcfchan#17.
18:34:48 INFO  : Registering command handlers for SDK TCF services
18:34:50 INFO  : Launching XSCT server: xsct -n -interactive /home/vu37p/QiLe/ICAP_bits_mcs/20200901/PR_Lwip211/temp_xsdb_launch_script.tcl
18:34:53 INFO  : XSCT server has started successfully.
18:34:53 INFO  : Successfully done setting XSCT server connection channel  
18:34:53 INFO  : Successfully done setting SDK workspace  
18:35:33 INFO  : 'targets -set -filter {jtag_cable_name =~ "Xilinx HW-U1-VCU128 FT4232H 091847100713A" && level==0} -index 0' command is executed.
18:35:33 INFO  : 'fpga -state' command is executed.
18:35:33 INFO  : Connected to target on host '127.0.0.1' and port '3121'.
18:35:45 INFO  : Jtag cable 'Xilinx HW-U1-VCU128 FT4232H 091847100713A' is selected.
18:35:45 INFO  : 'jtag frequency' command is executed.
18:35:45 INFO  : 'configparams mdm-detect-bscan-mask 2' command is executed.
18:35:45 INFO  : Context for processor 'microblaze_0' is selected.
18:35:45 INFO  : Processor reset is completed for 'microblaze_0'.
18:35:45 INFO  : Context for processor 'microblaze_0' is selected.
18:35:47 INFO  : The application '/home/vu37p/QiLe/ICAP_bits_mcs/20200901/PR_Lwip211/pr_app/Debug/pr_app.elf' is downloaded to processor 'microblaze_0'.
18:35:47 INFO  : ----------------XSDB Script----------------
connect -url tcp:127.0.0.1:3121
configparams mdm-detect-bscan-mask 2
targets -set -nocase -filter {name =~ "microblaze*#0" && bscan=="USER2"  && jtag_cable_name =~ "Xilinx HW-U1-VCU128 FT4232H 091847100713A"} -index 0
rst -processor
targets -set -nocase -filter {name =~ "microblaze*#0" && bscan=="USER2"  && jtag_cable_name =~ "Xilinx HW-U1-VCU128 FT4232H 091847100713A"} -index 0
dow /home/vu37p/QiLe/ICAP_bits_mcs/20200901/PR_Lwip211/pr_app/Debug/pr_app.elf
----------------End of Script----------------

18:35:47 INFO  : Memory regions updated for context MicroBlaze #0
18:35:47 INFO  : Memory regions updated for context MicroBlaze #0
18:35:47 INFO  : Context for processor 'microblaze_0' is selected.
18:35:47 INFO  : 'con' command is executed.
18:35:47 INFO  : ----------------XSDB Script (After Launch)----------------
targets -set -nocase -filter {name =~ "microblaze*#0" && bscan=="USER2"  && jtag_cable_name =~ "Xilinx HW-U1-VCU128 FT4232H 091847100713A"} -index 0
con
----------------End of Script----------------

18:35:47 INFO  : Launch script is exported to file '/home/vu37p/QiLe/ICAP_bits_mcs/20200901/PR_Lwip211/.sdk/launch_scripts/xilinx_c-c++_application_(system_debugger)/system_debugger_using_debug_pr_app.elf_on_local.tcl'
18:39:48 INFO  : Disconnected from the channel tcfchan#1.
18:39:52 INFO  : 'targets -set -filter {jtag_cable_name =~ "Xilinx HW-U1-VCU128 FT4232H 091847100713A" && level==0} -index 0' command is executed.
18:39:52 INFO  : 'fpga -state' command is executed.
18:39:52 INFO  : Connected to target on host '127.0.0.1' and port '3121'.
18:40:04 INFO  : Jtag cable 'Xilinx HW-U1-VCU128 FT4232H 091847100713A' is selected.
18:40:04 INFO  : 'jtag frequency' command is executed.
18:40:04 INFO  : 'configparams mdm-detect-bscan-mask 2' command is executed.
18:40:04 INFO  : Context for processor 'microblaze_0' is selected.
18:40:04 INFO  : Processor reset is completed for 'microblaze_0'.
18:40:04 INFO  : Context for processor 'microblaze_0' is selected.
18:40:06 INFO  : The application '/home/vu37p/QiLe/ICAP_bits_mcs/20200901/PR_Lwip211/pr_app/Debug/pr_app.elf' is downloaded to processor 'microblaze_0'.
18:40:06 INFO  : ----------------XSDB Script----------------
connect -url tcp:127.0.0.1:3121
configparams mdm-detect-bscan-mask 2
targets -set -nocase -filter {name =~ "microblaze*#0" && bscan=="USER2"  && jtag_cable_name =~ "Xilinx HW-U1-VCU128 FT4232H 091847100713A"} -index 0
rst -processor
targets -set -nocase -filter {name =~ "microblaze*#0" && bscan=="USER2"  && jtag_cable_name =~ "Xilinx HW-U1-VCU128 FT4232H 091847100713A"} -index 0
dow /home/vu37p/QiLe/ICAP_bits_mcs/20200901/PR_Lwip211/pr_app/Debug/pr_app.elf
----------------End of Script----------------

18:40:06 INFO  : Memory regions updated for context MicroBlaze #0
18:40:06 INFO  : Memory regions updated for context MicroBlaze #0
18:40:06 INFO  : Context for processor 'microblaze_0' is selected.
18:40:06 INFO  : 'con' command is executed.
18:40:06 INFO  : ----------------XSDB Script (After Launch)----------------
targets -set -nocase -filter {name =~ "microblaze*#0" && bscan=="USER2"  && jtag_cable_name =~ "Xilinx HW-U1-VCU128 FT4232H 091847100713A"} -index 0
con
----------------End of Script----------------

18:40:06 INFO  : Launch script is exported to file '/home/vu37p/QiLe/ICAP_bits_mcs/20200901/PR_Lwip211/.sdk/launch_scripts/xilinx_c-c++_application_(system_debugger)/system_debugger_using_debug_pr_app.elf_on_local.tcl'
19:02:14 INFO  : Disconnected from the channel tcfchan#2.
19:02:18 INFO  : 'targets -set -filter {jtag_cable_name =~ "Xilinx HW-U1-VCU128 FT4232H 091847100713A" && level==0} -index 0' command is executed.
19:02:18 INFO  : 'fpga -state' command is executed.
19:02:18 INFO  : Connected to target on host '127.0.0.1' and port '3121'.
19:02:30 INFO  : Jtag cable 'Xilinx HW-U1-VCU128 FT4232H 091847100713A' is selected.
19:02:30 INFO  : 'jtag frequency' command is executed.
19:02:30 INFO  : 'configparams mdm-detect-bscan-mask 2' command is executed.
19:02:30 INFO  : Context for processor 'microblaze_0' is selected.
19:02:30 INFO  : Processor reset is completed for 'microblaze_0'.
19:02:30 INFO  : Context for processor 'microblaze_0' is selected.
19:02:32 INFO  : The application '/home/vu37p/QiLe/ICAP_bits_mcs/20200901/PR_Lwip211/pr_app/Debug/pr_app.elf' is downloaded to processor 'microblaze_0'.
19:02:32 INFO  : ----------------XSDB Script----------------
connect -url tcp:127.0.0.1:3121
configparams mdm-detect-bscan-mask 2
targets -set -nocase -filter {name =~ "microblaze*#0" && bscan=="USER2"  && jtag_cable_name =~ "Xilinx HW-U1-VCU128 FT4232H 091847100713A"} -index 0
rst -processor
targets -set -nocase -filter {name =~ "microblaze*#0" && bscan=="USER2"  && jtag_cable_name =~ "Xilinx HW-U1-VCU128 FT4232H 091847100713A"} -index 0
dow /home/vu37p/QiLe/ICAP_bits_mcs/20200901/PR_Lwip211/pr_app/Debug/pr_app.elf
----------------End of Script----------------

19:02:32 INFO  : Memory regions updated for context MicroBlaze #0
19:02:32 INFO  : Memory regions updated for context MicroBlaze #0
19:02:32 INFO  : Context for processor 'microblaze_0' is selected.
19:02:32 INFO  : 'con' command is executed.
19:02:32 INFO  : ----------------XSDB Script (After Launch)----------------
targets -set -nocase -filter {name =~ "microblaze*#0" && bscan=="USER2"  && jtag_cable_name =~ "Xilinx HW-U1-VCU128 FT4232H 091847100713A"} -index 0
con
----------------End of Script----------------

19:02:32 INFO  : Launch script is exported to file '/home/vu37p/QiLe/ICAP_bits_mcs/20200901/PR_Lwip211/.sdk/launch_scripts/xilinx_c-c++_application_(system_debugger)/system_debugger_using_debug_pr_app.elf_on_local.tcl'
