#-----------------------------------------------------------
# Webtalk v2019.1 (64-bit)
# SW Build 2552052 on Fri May 24 14:47:09 MDT 2019
# 
# Start of session at: Wed Oct 21 18:52:57 2020
# Process ID: 210809
# Current directory: /home/vu37p/QiLe/ICAP_bits_mcs/20201013D/webtalk
# Command line: wbtcv -mode batch -source sdk_webtalk.tcl
# Log file: /home/vu37p/QiLe/ICAP_bits_mcs/20201013D/webtalk/webtalk.log
# Journal file: /home/vu37p/QiLe/ICAP_bits_mcs/20201013D/webtalk/webtalk.jou
#-----------------------------------------------------------
source sdk_webtalk.tcl
# webtalk_init -webtalk_dir /home/vu37p/QiLe/ICAP_bits_mcs/20201013D/webtalk
# webtalk_register_client -client project
# webtalk_add_data -client project -key date_generated -value "2020-10-21 18:52:37" -context "software_version_and_target_device"
# webtalk_add_data -client project -key product_version -value "SDK v2019.1" -context "software_version_and_target_device"
# webtalk_add_data -client project -key build_version -value "2019.1" -context "software_version_and_target_device"
# webtalk_add_data -client project -key os_platform -value "amd64" -context "software_version_and_target_device"
# webtalk_add_data -client project -key registration_id -value "" -context "software_version_and_target_device"
# webtalk_add_data -client project -key tool_flow -value "SDK" -context "software_version_and_target_device"
# webtalk_add_data -client project -key beta -value "false" -context "software_version_and_target_device"
# webtalk_add_data -client project -key route_design -value "NA" -context "software_version_and_target_device"
# webtalk_add_data -client project -key target_family -value "NA" -context "software_version_and_target_device"
# webtalk_add_data -client project -key target_device -value "NA" -context "software_version_and_target_device"
# webtalk_add_data -client project -key target_package -value "NA" -context "software_version_and_target_device"
# webtalk_add_data -client project -key target_speed -value "NA" -context "software_version_and_target_device"
# webtalk_add_data -client project -key random_id -value "dm6b0a7ethshldr9tt0k2lnkh" -context "software_version_and_target_device"
# webtalk_add_data -client project -key project_id -value "2019.1_17" -context "software_version_and_target_device"
# webtalk_add_data -client project -key project_iteration -value "17" -context "software_version_and_target_device"
# webtalk_add_data -client project -key os_name -value "Ubuntu" -context "user_environment"
# webtalk_add_data -client project -key os_release -value "Ubuntu 20.04 LTS" -context "user_environment"
# webtalk_add_data -client project -key cpu_name -value "Intel(R) Core(TM) i7-2600 CPU @ 3.40GHz" -context "user_environment"
# webtalk_add_data -client project -key cpu_speed -value "2423.527 MHz" -context "user_environment"
# webtalk_add_data -client project -key total_processors -value "1" -context "user_environment"
# webtalk_add_data -client project -key system_ram -value "6.052 GB" -context "user_environment"
# webtalk_register_client -client sdk
# webtalk_add_data -client sdk -key uid -value "1603192031000" -context "sdk\\\\application/1603192031000"
# webtalk_add_data -client sdk -key hwid -value "1602644268000" -context "sdk\\\\application/1603192031000"
# webtalk_add_data -client sdk -key bspid -value "1602644290000" -context "sdk\\\\application/1603192031000"
# webtalk_add_data -client sdk -key newbsp -value "false" -context "sdk\\\\application/1603192031000"
# webtalk_add_data -client sdk -key os -value "standalone" -context "sdk\\\\application/1603192031000"
# webtalk_add_data -client sdk -key apptemplate -value "hello_world" -context "sdk\\\\application/1603192031000"
# webtalk_add_data -client sdk -key RecordType -value "APPCreation" -context "sdk\\\\application/1603192031000"
# webtalk_add_data -client sdk -key LangUsed -value "C" -context "sdk\\\\application/1603192031000"
# webtalk_add_data -client sdk -key Procused -value "microblaze" -context "sdk\\\\application/1603192031000"
# webtalk_add_data -client sdk -key projSize -value "114.30859375" -context "sdk\\\\application/1603192031000"
# webtalk_add_data -client sdk -key uid -value "NA" -context "sdk\\\\bsp/1603277555520"
# webtalk_add_data -client sdk -key RecordType -value "ToolUsage" -context "sdk\\\\bsp/1603277555520"
# webtalk_add_data -client sdk -key BootgenCount -value "0" -context "sdk\\\\bsp/1603277555520"
# webtalk_add_data -client sdk -key DebugCount -value "68" -context "sdk\\\\bsp/1603277555520"
# webtalk_add_data -client sdk -key PerfCount -value "0" -context "sdk\\\\bsp/1603277555520"
# webtalk_add_data -client sdk -key FlashCount -value "0" -context "sdk\\\\bsp/1603277555520"
# webtalk_add_data -client sdk -key CrossTriggCount -value "0" -context "sdk\\\\bsp/1603277555520"
# webtalk_add_data -client sdk -key QemuDebugCount -value "0" -context "sdk\\\\bsp/1603277555520"
# webtalk_transmit -clientid 1961703615 -regid "" -xml /home/vu37p/QiLe/ICAP_bits_mcs/20201013D/webtalk/usage_statistics_ext_sdk.xml -html /home/vu37p/QiLe/ICAP_bits_mcs/20201013D/webtalk/usage_statistics_ext_sdk.html -wdm /home/vu37p/QiLe/ICAP_bits_mcs/20201013D/webtalk/sdk_webtalk.wdm -intro "<H3>SDK Usage Report</H3><BR>"
INFO: [Common 17-186] '/home/vu37p/QiLe/ICAP_bits_mcs/20201013D/webtalk/usage_statistics_ext_sdk.xml' has been successfully sent to Xilinx on Wed Oct 21 18:53:04 2020. For additional details about this file, please refer to the WebTalk help file at /opt/Xilinx_2019.1/SDK/2019.1/doc/webtalk_introduction.html.
webtalk_transmit: Time (s): cpu = 00:00:01 ; elapsed = 00:00:06 . Memory (MB): peak = 381.648 ; gain = 0.000 ; free physical = 126 ; free virtual = 9861
# webtalk_terminate
INFO: [Common 17-206] Exiting Webtalk at Wed Oct 21 18:53:04 2020...
